Inserting...
BulkWriteResult {
  result: 
   { ok: 1,
     writeErrors: [],
     writeConcernErrors: [],
     insertedIds: [],
     nInserted: 0,
     nUpserted: 845,
     nMatched: 73,
     nModified: 0,
     nRemoved: 0,
     upserted: 
      [ [Object],
        [Object],
        [Object],
        [Object],
        [Object],
        [Object],
        [Object],
        [Object],
        [Object],
        [Object],
        [Object],
        [Object],
        [Object],
        [Object],
        [Object],
        [Object],
        [Object],
        [Object],
        [Object],
        [Object],
        [Object],
        [Object],
        [Object],
        [Object],
        [Object],
        [Object],
        [Object],
        [Object],
        [Object],
        [Object],
        [Object],
        [Object],
        [Object],
        [Object],
        [Object],
        [Object],
        [Object],
        [Object],
        [Object],
        [Object],
        [Object],
        [Object],
        [Object],
        [Object],
        [Object],
        [Object],
        [Object],
        [Object],
        [Object],
        [Object],
        [Object],
        [Object],
        [Object],
        [Object],
        [Object],
        [Object],
        [Object],
        [Object],
        [Object],
        [Object],
        [Object],
        [Object],
        [Object],
        [Object],
        [Object],
        [Object],
        [Object],
        [Object],
        [Object],
        [Object],
        [Object],
        [Object],
        [Object],
        [Object],
        [Object],
        [Object],
        [Object],
        [Object],
        [Object],
        [Object],
        [Object],
        [Object],
        [Object],
        [Object],
        [Object],
        [Object],
        [Object],
        [Object],
        [Object],
        [Object],
        [Object],
        [Object],
        [Object],
        [Object],
        [Object],
        [Object],
        [Object],
        [Object],
        [Object],
        [Object],
        ... 745 more items ] } }
undefined
